The target system is: Linux -  - arm
The host system is: Linux - 4.10.0-28-generic - x86_64
Compiling the CXX compiler identification source file "CMakeCXXCompilerId.cpp" succeeded.
Compiler: /home/jhryu/webos/build-webos/BUILD/sysroots/x86_64-linux/usr/bin/arm-webos-linux-gnueabi/arm-webos-linux-gnueabi-g++ 
Build flags: ;-march=armv7ve;-mthumb;-mfpu=neon-vfpv4;;-mfloat-abi=hard;-mcpu=cortex-a7;;--sysroot=/home/jhryu/webos/build-webos/BUILD/sysroots/raspberrypi3;;-O2;-pipe;-g;-feliminate-unused-debug-types;-fdebug-prefix-map=/home/jhryu/webos/build-webos/BUILD/work/raspberrypi3-webos-linux-gnueabi/com.webos.service.rpi.gpio/0.0.1-r0.local0=/usr/src/debug/com.webos.service.rpi.gpio/0.0.1-r0.local0;-fdebug-prefix-map=/home/jhryu/webos/build-webos/BUILD/sysroots/x86_64-linux=;-fdebug-prefix-map=/home/jhryu/webos/build-webos/BUILD/sysroots/raspberrypi3=;;-fvisibility-inlines-hidden;;-march=armv7ve;-mthumb;-mfpu=neon-vfpv4;;-mfloat-abi=hard;-mcpu=cortex-a7;;--sysroot=/home/jhryu/webos/build-webos/BUILD/sysroots/raspberrypi3
Id flags: 

The output was:
0


Compilation of the CXX compiler identification source "CMakeCXXCompilerId.cpp" produced "a.out"

The CXX compiler identification is GNU, found in "/home/jhryu/project/com.webos.service.rpi.gpio/build/CMakeFiles/3.6.1/CompilerIdCXX/a.out"

Determining if the CXX compiler works passed with the following output:
Change Dir: /home/jhryu/project/com.webos.service.rpi.gpio/build/CMakeFiles/CMakeTmp

Run Build Command:"/usr/bin/make" "cmTC_1e31e/fast"
make -f CMakeFiles/cmTC_1e31e.dir/build.make CMakeFiles/cmTC_1e31e.dir/build
make[1]: Entering directory '/home/jhryu/project/com.webos.service.rpi.gpio/build/CMakeFiles/CMakeTmp'
Building CXX object CMakeFiles/cmTC_1e31e.dir/testCXXCompiler.cxx.o
/home/jhryu/webos/build-webos/BUILD/sysroots/x86_64-linux/usr/bin/arm-webos-linux-gnueabi/arm-webos-linux-gnueabi-g++     -march=armv7ve -mthumb -mfpu=neon-vfpv4  -mfloat-abi=hard -mcpu=cortex-a7  --sysroot=/home/jhryu/webos/build-webos/BUILD/sysroots/raspberrypi3  -O2 -pipe -g -feliminate-unused-debug-types -fdebug-prefix-map=/home/jhryu/webos/build-webos/BUILD/work/raspberrypi3-webos-linux-gnueabi/com.webos.service.rpi.gpio/0.0.1-r0.local0=/usr/src/debug/com.webos.service.rpi.gpio/0.0.1-r0.local0 -fdebug-prefix-map=/home/jhryu/webos/build-webos/BUILD/sysroots/x86_64-linux= -fdebug-prefix-map=/home/jhryu/webos/build-webos/BUILD/sysroots/raspberrypi3=  -fvisibility-inlines-hidden  -march=armv7ve -mthumb -mfpu=neon-vfpv4  -mfloat-abi=hard -mcpu=cortex-a7  --sysroot=/home/jhryu/webos/build-webos/BUILD/sysroots/raspberrypi3    -o CMakeFiles/cmTC_1e31e.dir/testCXXCompiler.cxx.o -c /home/jhryu/project/com.webos.service.rpi.gpio/build/CMakeFiles/CMakeTmp/testCXXCompiler.cxx
Linking CXX executable cmTC_1e31e
/home/jhryu/webos/build-webos/BUILD/sysroots/x86_64-linux/usr/bin/cmake -E cmake_link_script CMakeFiles/cmTC_1e31e.dir/link.txt --verbose=1
/home/jhryu/webos/build-webos/BUILD/sysroots/x86_64-linux/usr/bin/arm-webos-linux-gnueabi/arm-webos-linux-gnueabi-g++    -march=armv7ve -mthumb -mfpu=neon-vfpv4  -mfloat-abi=hard -mcpu=cortex-a7  --sysroot=/home/jhryu/webos/build-webos/BUILD/sysroots/raspberrypi3  -O2 -pipe -g -feliminate-unused-debug-types -fdebug-prefix-map=/home/jhryu/webos/build-webos/BUILD/work/raspberrypi3-webos-linux-gnueabi/com.webos.service.rpi.gpio/0.0.1-r0.local0=/usr/src/debug/com.webos.service.rpi.gpio/0.0.1-r0.local0 -fdebug-prefix-map=/home/jhryu/webos/build-webos/BUILD/sysroots/x86_64-linux= -fdebug-prefix-map=/home/jhryu/webos/build-webos/BUILD/sysroots/raspberrypi3=  -fvisibility-inlines-hidden  -march=armv7ve -mthumb -mfpu=neon-vfpv4  -mfloat-abi=hard -mcpu=cortex-a7  --sysroot=/home/jhryu/webos/build-webos/BUILD/sysroots/raspberrypi3   -march=armv7ve -mthumb -mfpu=neon-vfpv4  -mfloat-abi=hard -mcpu=cortex-a7  --sysroot=/home/jhryu/webos/build-webos/BUILD/sysroots/raspberrypi3  -O2 -pipe -g -feliminate-unused-debug-types -fdebug-prefix-map=/home/jhryu/webos/build-webos/BUILD/work/raspberrypi3-webos-linux-gnueabi/com.webos.service.rpi.gpio/0.0.1-r0.local0=/usr/src/debug/com.webos.service.rpi.gpio/0.0.1-r0.local0 -fdebug-prefix-map=/home/jhryu/webos/build-webos/BUILD/sysroots/x86_64-linux= -fdebug-prefix-map=/home/jhryu/webos/build-webos/BUILD/sysroots/raspberrypi3=  -fvisibility-inlines-hidden  -march=armv7ve -mthumb -mfpu=neon-vfpv4  -mfloat-abi=hard -mcpu=cortex-a7  --sysroot=/home/jhryu/webos/build-webos/BUILD/sysroots/raspberrypi3 -Wl,-O1 -Wl,--hash-style=gnu -Wl,--as-needed  -Wl,-O1 -Wl,--hash-style=gnu -Wl,--as-needed  CMakeFiles/cmTC_1e31e.dir/testCXXCompiler.cxx.o  -o cmTC_1e31e -rdynamic 
make[1]: Leaving directory '/home/jhryu/project/com.webos.service.rpi.gpio/build/CMakeFiles/CMakeTmp'


Detecting CXX compiler ABI info compiled with the following output:
Change Dir: /home/jhryu/project/com.webos.service.rpi.gpio/build/CMakeFiles/CMakeTmp

Run Build Command:"/usr/bin/make" "cmTC_1486f/fast"
make -f CMakeFiles/cmTC_1486f.dir/build.make CMakeFiles/cmTC_1486f.dir/build
make[1]: Entering directory '/home/jhryu/project/com.webos.service.rpi.gpio/build/CMakeFiles/CMakeTmp'
Building CXX object CMakeFiles/cmTC_1486f.dir/CMakeCXXCompilerABI.cpp.o
/home/jhryu/webos/build-webos/BUILD/sysroots/x86_64-linux/usr/bin/arm-webos-linux-gnueabi/arm-webos-linux-gnueabi-g++     -march=armv7ve -mthumb -mfpu=neon-vfpv4  -mfloat-abi=hard -mcpu=cortex-a7  --sysroot=/home/jhryu/webos/build-webos/BUILD/sysroots/raspberrypi3  -O2 -pipe -g -feliminate-unused-debug-types -fdebug-prefix-map=/home/jhryu/webos/build-webos/BUILD/work/raspberrypi3-webos-linux-gnueabi/com.webos.service.rpi.gpio/0.0.1-r0.local0=/usr/src/debug/com.webos.service.rpi.gpio/0.0.1-r0.local0 -fdebug-prefix-map=/home/jhryu/webos/build-webos/BUILD/sysroots/x86_64-linux= -fdebug-prefix-map=/home/jhryu/webos/build-webos/BUILD/sysroots/raspberrypi3=  -fvisibility-inlines-hidden  -march=armv7ve -mthumb -mfpu=neon-vfpv4  -mfloat-abi=hard -mcpu=cortex-a7  --sysroot=/home/jhryu/webos/build-webos/BUILD/sysroots/raspberrypi3    -o CMakeFiles/cmTC_1486f.dir/CMakeCXXCompilerABI.cpp.o -c /home/jhryu/webos/build-webos/BUILD/sysroots/x86_64-linux/usr/share/cmake-3.6/Modules/CMakeCXXCompilerABI.cpp
Linking CXX executable cmTC_1486f
/home/jhryu/webos/build-webos/BUILD/sysroots/x86_64-linux/usr/bin/cmake -E cmake_link_script CMakeFiles/cmTC_1486f.dir/link.txt --verbose=1
/home/jhryu/webos/build-webos/BUILD/sysroots/x86_64-linux/usr/bin/arm-webos-linux-gnueabi/arm-webos-linux-gnueabi-g++    -march=armv7ve -mthumb -mfpu=neon-vfpv4  -mfloat-abi=hard -mcpu=cortex-a7  --sysroot=/home/jhryu/webos/build-webos/BUILD/sysroots/raspberrypi3  -O2 -pipe -g -feliminate-unused-debug-types -fdebug-prefix-map=/home/jhryu/webos/build-webos/BUILD/work/raspberrypi3-webos-linux-gnueabi/com.webos.service.rpi.gpio/0.0.1-r0.local0=/usr/src/debug/com.webos.service.rpi.gpio/0.0.1-r0.local0 -fdebug-prefix-map=/home/jhryu/webos/build-webos/BUILD/sysroots/x86_64-linux= -fdebug-prefix-map=/home/jhryu/webos/build-webos/BUILD/sysroots/raspberrypi3=  -fvisibility-inlines-hidden  -march=armv7ve -mthumb -mfpu=neon-vfpv4  -mfloat-abi=hard -mcpu=cortex-a7  --sysroot=/home/jhryu/webos/build-webos/BUILD/sysroots/raspberrypi3   -march=armv7ve -mthumb -mfpu=neon-vfpv4  -mfloat-abi=hard -mcpu=cortex-a7  --sysroot=/home/jhryu/webos/build-webos/BUILD/sysroots/raspberrypi3  -O2 -pipe -g -feliminate-unused-debug-types -fdebug-prefix-map=/home/jhryu/webos/build-webos/BUILD/work/raspberrypi3-webos-linux-gnueabi/com.webos.service.rpi.gpio/0.0.1-r0.local0=/usr/src/debug/com.webos.service.rpi.gpio/0.0.1-r0.local0 -fdebug-prefix-map=/home/jhryu/webos/build-webos/BUILD/sysroots/x86_64-linux= -fdebug-prefix-map=/home/jhryu/webos/build-webos/BUILD/sysroots/raspberrypi3=  -fvisibility-inlines-hidden  -march=armv7ve -mthumb -mfpu=neon-vfpv4  -mfloat-abi=hard -mcpu=cortex-a7  --sysroot=/home/jhryu/webos/build-webos/BUILD/sysroots/raspberrypi3 -Wl,-O1 -Wl,--hash-style=gnu -Wl,--as-needed  -Wl,-O1 -Wl,--hash-style=gnu -Wl,--as-needed -v CMakeFiles/cmTC_1486f.dir/CMakeCXXCompilerABI.cpp.o  -o cmTC_1486f -rdynamic  
Using built-in specs.
COLLECT_GCC=/home/jhryu/webos/build-webos/BUILD/sysroots/x86_64-linux/usr/bin/arm-webos-linux-gnueabi/arm-webos-linux-gnueabi-g++
COLLECT_LTO_WRAPPER=/home/jhryu/webos/build-webos/BUILD/sysroots/x86_64-linux/usr/libexec/arm-webos-linux-gnueabi/gcc/arm-webos-linux-gnueabi/6.4.0/lto-wrapper
Target: arm-webos-linux-gnueabi
Configured with: ../../../../../../work-shared/gcc-6.4.0-r0/gcc-6.4.0/configure --build=x86_64-linux --host=x86_64-linux --target=arm-webos-linux-gnueabi --prefix=/home/jhryu/webos/build-webos/BUILD/sysroots/x86_64-linux/usr --exec_prefix=/home/jhryu/webos/build-webos/BUILD/sysroots/x86_64-linux/usr --bindir=/home/jhryu/webos/build-webos/BUILD/sysroots/x86_64-linux/usr/bin/arm-webos-linux-gnueabi --sbindir=/home/jhryu/webos/build-webos/BUILD/sysroots/x86_64-linux/usr/bin/arm-webos-linux-gnueabi --libexecdir=/home/jhryu/webos/build-webos/BUILD/sysroots/x86_64-linux/usr/libexec/arm-webos-linux-gnueabi --datadir=/home/jhryu/webos/build-webos/BUILD/sysroots/x86_64-linux/usr/share --sysconfdir=/home/jhryu/webos/build-webos/BUILD/sysroots/x86_64-linux/etc --sharedstatedir=/home/jhryu/webos/build-webos/BUILD/sysroots/x86_64-linux/com --localstatedir=/home/jhryu/webos/build-webos/BUILD/sysroots/x86_64-linux/var --libdir=/home/jhryu/webos/build-webos/BUILD/sysroots/x86_64-linux/usr/lib/arm-webos-linux-gnueabi --includedir=/home/jhryu/webos/build-webos/BUILD/sysroots/x86_64-linux/usr/include --oldincludedir=/home/jhryu/webos/build-webos/BUILD/sysroots/x86_64-linux/usr/include --infodir=/home/jhryu/webos/build-webos/BUILD/sysroots/x86_64-linux/usr/share/info --mandir=/home/jhryu/webos/build-webos/BUILD/sysroots/x86_64-linux/usr/share/man --disable-silent-rules --disable-dependency-tracking --with-libtool-sysroot=/home/jhryu/webos/build-webos/BUILD/sysroots/x86_64-linux --enable-clocale=generic --with-gnu-ld --enable-shared --enable-languages=c,c++ --enable-threads=posix --disable-multilib --enable-c99 --enable-long-long --enable-symvers=gnu --enable-libstdcxx-pch --program-prefix=arm-webos-linux-gnueabi- --without-local-prefix --enable-lto --enable-libssp --enable-libitm --disable-bootstrap --disable-libmudflap --with-system-zlib --with-linker-hash-style=sysv --enable-linker-build-id --with-ppl=no --with-cloog=no --enable-checking=release --enable-cheaders=c_global --without-isl --with-gxx-include-dir=/not/exist/usr/include/c++/6.4.0 --with-sysroot=/not/exist --with-build-sysroot=/home/jhryu/webos/build-webos/BUILD/sysroots/raspberrypi3 --without-long-double-128 --enable-poison-system-directories --with-mpfr=/home/jhryu/webos/build-webos/BUILD/sysroots/x86_64-linux/usr --with-system-zlib --disable-static --disable-nls --enable-initfini-array --with-arch=armv7-a
Thread model: posix
gcc version 6.4.0 (GCC) 
COMPILER_PATH=/home/jhryu/webos/build-webos/BUILD/sysroots/x86_64-linux/usr/libexec/arm-webos-linux-gnueabi/gcc/arm-webos-linux-gnueabi/6.4.0/:/home/jhryu/webos/build-webos/BUILD/sysroots/x86_64-linux/usr/libexec/arm-webos-linux-gnueabi/gcc/arm-webos-linux-gnueabi/6.4.0/:/home/jhryu/webos/build-webos/BUILD/sysroots/x86_64-linux/usr/libexec/arm-webos-linux-gnueabi/gcc/arm-webos-linux-gnueabi/:/home/jhryu/webos/build-webos/BUILD/sysroots/x86_64-linux/usr/lib/arm-webos-linux-gnueabi/gcc/arm-webos-linux-gnueabi/6.4.0/:/home/jhryu/webos/build-webos/BUILD/sysroots/x86_64-linux/usr/lib/arm-webos-linux-gnueabi/gcc/arm-webos-linux-gnueabi/
LIBRARY_PATH=/home/jhryu/webos/build-webos/BUILD/sysroots/x86_64-linux/usr/lib/arm-webos-linux-gnueabi/gcc/arm-webos-linux-gnueabi/6.4.0/:/home/jhryu/webos/build-webos/BUILD/sysroots/raspberrypi3/lib/:/home/jhryu/webos/build-webos/BUILD/sysroots/raspberrypi3/usr/lib/arm-webos-linux-gnueabi/6.4.0/:/home/jhryu/webos/build-webos/BUILD/sysroots/raspberrypi3/usr/lib/
COLLECT_GCC_OPTIONS='--sysroot=/home/jhryu/webos/build-webos/BUILD/sysroots/raspberrypi3' '-march=armv7ve' '-mthumb' '-mfpu=neon-vfpv4' '-mfloat-abi=hard' '-mcpu=cortex-a7' '-O2' '-pipe' '-g' '-fdebug-prefix-map=/home/jhryu/webos/build-webos/BUILD/work/raspberrypi3-webos-linux-gnueabi/com.webos.service.rpi.gpio/0.0.1-r0.local0=/usr/src/debug/com.webos.service.rpi.gpio/0.0.1-r0.local0' '-fdebug-prefix-map=/home/jhryu/webos/build-webos/BUILD/sysroots/x86_64-linux=' '-fdebug-prefix-map=/home/jhryu/webos/build-webos/BUILD/sysroots/raspberrypi3=' '-march=armv7ve' '-mthumb' '-mfpu=neon-vfpv4' '-mfloat-abi=hard' '-mcpu=cortex-a7' '-march=armv7ve' '-mthumb' '-mfpu=neon-vfpv4' '-mfloat-abi=hard' '-mcpu=cortex-a7' '-O2' '-pipe' '-g' '-feliminate-unused-debug-types' '-fdebug-prefix-map=/home/jhryu/webos/build-webos/BUILD/work/raspberrypi3-webos-linux-gnueabi/com.webos.service.rpi.gpio/0.0.1-r0.local0=/usr/src/debug/com.webos.service.rpi.gpio/0.0.1-r0.local0' '-fdebug-prefix-map=/home/jhryu/webos/build-webos/BUILD/sysroots/x86_64-linux=' '-fdebug-prefix-map=/home/jhryu/webos/build-webos/BUILD/sysroots/raspberrypi3=' '-fvisibility-inlines-hidden' '-march=armv7ve' '-mthumb' '-mfpu=neon-vfpv4' '-mfloat-abi=hard' '-mcpu=cortex-a7' '-v' '-o' 'cmTC_1486f' '-rdynamic' '-shared-libgcc' '-mtls-dialect=gnu'
 /home/jhryu/webos/build-webos/BUILD/sysroots/x86_64-linux/usr/libexec/arm-webos-linux-gnueabi/gcc/arm-webos-linux-gnueabi/6.4.0/collect2 -plugin /home/jhryu/webos/build-webos/BUILD/sysroots/x86_64-linux/usr/libexec/arm-webos-linux-gnueabi/gcc/arm-webos-linux-gnueabi/6.4.0/liblto_plugin.so -plugin-opt=/home/jhryu/webos/build-webos/BUILD/sysroots/x86_64-linux/usr/libexec/arm-webos-linux-gnueabi/gcc/arm-webos-linux-gnueabi/6.4.0/lto-wrapper -plugin-opt=-fresolution=/tmp/ccbuxtL6.res -plugin-opt=-pass-through=-lgcc_s -plugin-opt=-pass-through=-lgcc -plugin-opt=-pass-through=-lc -plugin-opt=-pass-through=-lgcc_s -plugin-opt=-pass-through=-lgcc --sysroot=/home/jhryu/webos/build-webos/BUILD/sysroots/raspberrypi3 --build-id --eh-frame-hdr --hash-style=sysv -export-dynamic -dynamic-linker /lib/ld-linux-armhf.so.3 -X -m armelf_linux_eabi -o cmTC_1486f /home/jhryu/webos/build-webos/BUILD/sysroots/raspberrypi3/usr/lib/crt1.o /home/jhryu/webos/build-webos/BUILD/sysroots/raspberrypi3/usr/lib/crti.o /home/jhryu/webos/build-webos/BUILD/sysroots/raspberrypi3/usr/lib/arm-webos-linux-gnueabi/6.4.0/crtbegin.o -L/home/jhryu/webos/build-webos/BUILD/sysroots/x86_64-linux/usr/lib/arm-webos-linux-gnueabi/gcc/arm-webos-linux-gnueabi/6.4.0 -L/home/jhryu/webos/build-webos/BUILD/sysroots/raspberrypi3/lib -L/home/jhryu/webos/build-webos/BUILD/sysroots/raspberrypi3/usr/lib/arm-webos-linux-gnueabi/6.4.0 -L/home/jhryu/webos/build-webos/BUILD/sysroots/raspberrypi3/usr/lib -O1 --hash-style=gnu --as-needed -O1 --hash-style=gnu --as-needed CMakeFiles/cmTC_1486f.dir/CMakeCXXCompilerABI.cpp.o -lstdc++ -lm -lgcc_s -lgcc -lc -lgcc_s -lgcc /home/jhryu/webos/build-webos/BUILD/sysroots/raspberrypi3/usr/lib/arm-webos-linux-gnueabi/6.4.0/crtend.o /home/jhryu/webos/build-webos/BUILD/sysroots/raspberrypi3/usr/lib/crtn.o
COLLECT_GCC_OPTIONS='--sysroot=/home/jhryu/webos/build-webos/BUILD/sysroots/raspberrypi3' '-march=armv7ve' '-mthumb' '-mfpu=neon-vfpv4' '-mfloat-abi=hard' '-mcpu=cortex-a7' '-O2' '-pipe' '-g' '-fdebug-prefix-map=/home/jhryu/webos/build-webos/BUILD/work/raspberrypi3-webos-linux-gnueabi/com.webos.service.rpi.gpio/0.0.1-r0.local0=/usr/src/debug/com.webos.service.rpi.gpio/0.0.1-r0.local0' '-fdebug-prefix-map=/home/jhryu/webos/build-webos/BUILD/sysroots/x86_64-linux=' '-fdebug-prefix-map=/home/jhryu/webos/build-webos/BUILD/sysroots/raspberrypi3=' '-march=armv7ve' '-mthumb' '-mfpu=neon-vfpv4' '-mfloat-abi=hard' '-mcpu=cortex-a7' '-march=armv7ve' '-mthumb' '-mfpu=neon-vfpv4' '-mfloat-abi=hard' '-mcpu=cortex-a7' '-O2' '-pipe' '-g' '-feliminate-unused-debug-types' '-fdebug-prefix-map=/home/jhryu/webos/build-webos/BUILD/work/raspberrypi3-webos-linux-gnueabi/com.webos.service.rpi.gpio/0.0.1-r0.local0=/usr/src/debug/com.webos.service.rpi.gpio/0.0.1-r0.local0' '-fdebug-prefix-map=/home/jhryu/webos/build-webos/BUILD/sysroots/x86_64-linux=' '-fdebug-prefix-map=/home/jhryu/webos/build-webos/BUILD/sysroots/raspberrypi3=' '-fvisibility-inlines-hidden' '-march=armv7ve' '-mthumb' '-mfpu=neon-vfpv4' '-mfloat-abi=hard' '-mcpu=cortex-a7' '-v' '-o' 'cmTC_1486f' '-rdynamic' '-shared-libgcc' '-mtls-dialect=gnu'
make[1]: Leaving directory '/home/jhryu/project/com.webos.service.rpi.gpio/build/CMakeFiles/CMakeTmp'


Parsed CXX implicit link information from above output:
  link line regex: [^( *|.*[/\])(arm-webos-linux-gnueabi-ld|([^/\]+-)?ld|collect2)[^/\]*( |$)]
  ignore line: [Change Dir: /home/jhryu/project/com.webos.service.rpi.gpio/build/CMakeFiles/CMakeTmp]
  ignore line: []
  ignore line: [Run Build Command:"/usr/bin/make" "cmTC_1486f/fast"]
  ignore line: [make -f CMakeFiles/cmTC_1486f.dir/build.make CMakeFiles/cmTC_1486f.dir/build]
  ignore line: [make[1]: Entering directory '/home/jhryu/project/com.webos.service.rpi.gpio/build/CMakeFiles/CMakeTmp']
  ignore line: [Building CXX object CMakeFiles/cmTC_1486f.dir/CMakeCXXCompilerABI.cpp.o]
  ignore line: [/home/jhryu/webos/build-webos/BUILD/sysroots/x86_64-linux/usr/bin/arm-webos-linux-gnueabi/arm-webos-linux-gnueabi-g++     -march=armv7ve -mthumb -mfpu=neon-vfpv4  -mfloat-abi=hard -mcpu=cortex-a7  --sysroot=/home/jhryu/webos/build-webos/BUILD/sysroots/raspberrypi3  -O2 -pipe -g -feliminate-unused-debug-types -fdebug-prefix-map=/home/jhryu/webos/build-webos/BUILD/work/raspberrypi3-webos-linux-gnueabi/com.webos.service.rpi.gpio/0.0.1-r0.local0=/usr/src/debug/com.webos.service.rpi.gpio/0.0.1-r0.local0 -fdebug-prefix-map=/home/jhryu/webos/build-webos/BUILD/sysroots/x86_64-linux= -fdebug-prefix-map=/home/jhryu/webos/build-webos/BUILD/sysroots/raspberrypi3=  -fvisibility-inlines-hidden  -march=armv7ve -mthumb -mfpu=neon-vfpv4  -mfloat-abi=hard -mcpu=cortex-a7  --sysroot=/home/jhryu/webos/build-webos/BUILD/sysroots/raspberrypi3    -o CMakeFiles/cmTC_1486f.dir/CMakeCXXCompilerABI.cpp.o -c /home/jhryu/webos/build-webos/BUILD/sysroots/x86_64-linux/usr/share/cmake-3.6/Modules/CMakeCXXCompilerABI.cpp]
  ignore line: [Linking CXX executable cmTC_1486f]
  ignore line: [/home/jhryu/webos/build-webos/BUILD/sysroots/x86_64-linux/usr/bin/cmake -E cmake_link_script CMakeFiles/cmTC_1486f.dir/link.txt --verbose=1]
  ignore line: [/home/jhryu/webos/build-webos/BUILD/sysroots/x86_64-linux/usr/bin/arm-webos-linux-gnueabi/arm-webos-linux-gnueabi-g++    -march=armv7ve -mthumb -mfpu=neon-vfpv4  -mfloat-abi=hard -mcpu=cortex-a7  --sysroot=/home/jhryu/webos/build-webos/BUILD/sysroots/raspberrypi3  -O2 -pipe -g -feliminate-unused-debug-types -fdebug-prefix-map=/home/jhryu/webos/build-webos/BUILD/work/raspberrypi3-webos-linux-gnueabi/com.webos.service.rpi.gpio/0.0.1-r0.local0=/usr/src/debug/com.webos.service.rpi.gpio/0.0.1-r0.local0 -fdebug-prefix-map=/home/jhryu/webos/build-webos/BUILD/sysroots/x86_64-linux= -fdebug-prefix-map=/home/jhryu/webos/build-webos/BUILD/sysroots/raspberrypi3=  -fvisibility-inlines-hidden  -march=armv7ve -mthumb -mfpu=neon-vfpv4  -mfloat-abi=hard -mcpu=cortex-a7  --sysroot=/home/jhryu/webos/build-webos/BUILD/sysroots/raspberrypi3   -march=armv7ve -mthumb -mfpu=neon-vfpv4  -mfloat-abi=hard -mcpu=cortex-a7  --sysroot=/home/jhryu/webos/build-webos/BUILD/sysroots/raspberrypi3  -O2 -pipe -g -feliminate-unused-debug-types -fdebug-prefix-map=/home/jhryu/webos/build-webos/BUILD/work/raspberrypi3-webos-linux-gnueabi/com.webos.service.rpi.gpio/0.0.1-r0.local0=/usr/src/debug/com.webos.service.rpi.gpio/0.0.1-r0.local0 -fdebug-prefix-map=/home/jhryu/webos/build-webos/BUILD/sysroots/x86_64-linux= -fdebug-prefix-map=/home/jhryu/webos/build-webos/BUILD/sysroots/raspberrypi3=  -fvisibility-inlines-hidden  -march=armv7ve -mthumb -mfpu=neon-vfpv4  -mfloat-abi=hard -mcpu=cortex-a7  --sysroot=/home/jhryu/webos/build-webos/BUILD/sysroots/raspberrypi3 -Wl,-O1 -Wl,--hash-style=gnu -Wl,--as-needed  -Wl,-O1 -Wl,--hash-style=gnu -Wl,--as-needed -v CMakeFiles/cmTC_1486f.dir/CMakeCXXCompilerABI.cpp.o  -o cmTC_1486f -rdynamic  ]
  ignore line: [Using built-in specs.]
  ignore line: [COLLECT_GCC=/home/jhryu/webos/build-webos/BUILD/sysroots/x86_64-linux/usr/bin/arm-webos-linux-gnueabi/arm-webos-linux-gnueabi-g++]
  ignore line: [COLLECT_LTO_WRAPPER=/home/jhryu/webos/build-webos/BUILD/sysroots/x86_64-linux/usr/libexec/arm-webos-linux-gnueabi/gcc/arm-webos-linux-gnueabi/6.4.0/lto-wrapper]
  ignore line: [Target: arm-webos-linux-gnueabi]
  ignore line: [Configured with: ../../../../../../work-shared/gcc-6.4.0-r0/gcc-6.4.0/configure --build=x86_64-linux --host=x86_64-linux --target=arm-webos-linux-gnueabi --prefix=/home/jhryu/webos/build-webos/BUILD/sysroots/x86_64-linux/usr --exec_prefix=/home/jhryu/webos/build-webos/BUILD/sysroots/x86_64-linux/usr --bindir=/home/jhryu/webos/build-webos/BUILD/sysroots/x86_64-linux/usr/bin/arm-webos-linux-gnueabi --sbindir=/home/jhryu/webos/build-webos/BUILD/sysroots/x86_64-linux/usr/bin/arm-webos-linux-gnueabi --libexecdir=/home/jhryu/webos/build-webos/BUILD/sysroots/x86_64-linux/usr/libexec/arm-webos-linux-gnueabi --datadir=/home/jhryu/webos/build-webos/BUILD/sysroots/x86_64-linux/usr/share --sysconfdir=/home/jhryu/webos/build-webos/BUILD/sysroots/x86_64-linux/etc --sharedstatedir=/home/jhryu/webos/build-webos/BUILD/sysroots/x86_64-linux/com --localstatedir=/home/jhryu/webos/build-webos/BUILD/sysroots/x86_64-linux/var --libdir=/home/jhryu/webos/build-webos/BUILD/sysroots/x86_64-linux/usr/lib/arm-webos-linux-gnueabi --includedir=/home/jhryu/webos/build-webos/BUILD/sysroots/x86_64-linux/usr/include --oldincludedir=/home/jhryu/webos/build-webos/BUILD/sysroots/x86_64-linux/usr/include --infodir=/home/jhryu/webos/build-webos/BUILD/sysroots/x86_64-linux/usr/share/info --mandir=/home/jhryu/webos/build-webos/BUILD/sysroots/x86_64-linux/usr/share/man --disable-silent-rules --disable-dependency-tracking --with-libtool-sysroot=/home/jhryu/webos/build-webos/BUILD/sysroots/x86_64-linux --enable-clocale=generic --with-gnu-ld --enable-shared --enable-languages=c,c++ --enable-threads=posix --disable-multilib --enable-c99 --enable-long-long --enable-symvers=gnu --enable-libstdcxx-pch --program-prefix=arm-webos-linux-gnueabi- --without-local-prefix --enable-lto --enable-libssp --enable-libitm --disable-bootstrap --disable-libmudflap --with-system-zlib --with-linker-hash-style=sysv --enable-linker-build-id --with-ppl=no --with-cloog=no --enable-checking=release --enable-cheaders=c_global --without-isl --with-gxx-include-dir=/not/exist/usr/include/c++/6.4.0 --with-sysroot=/not/exist --with-build-sysroot=/home/jhryu/webos/build-webos/BUILD/sysroots/raspberrypi3 --without-long-double-128 --enable-poison-system-directories --with-mpfr=/home/jhryu/webos/build-webos/BUILD/sysroots/x86_64-linux/usr --with-system-zlib --disable-static --disable-nls --enable-initfini-array --with-arch=armv7-a]
  ignore line: [Thread model: posix]
  ignore line: [gcc version 6.4.0 (GCC) ]
  ignore line: [COMPILER_PATH=/home/jhryu/webos/build-webos/BUILD/sysroots/x86_64-linux/usr/libexec/arm-webos-linux-gnueabi/gcc/arm-webos-linux-gnueabi/6.4.0/:/home/jhryu/webos/build-webos/BUILD/sysroots/x86_64-linux/usr/libexec/arm-webos-linux-gnueabi/gcc/arm-webos-linux-gnueabi/6.4.0/:/home/jhryu/webos/build-webos/BUILD/sysroots/x86_64-linux/usr/libexec/arm-webos-linux-gnueabi/gcc/arm-webos-linux-gnueabi/:/home/jhryu/webos/build-webos/BUILD/sysroots/x86_64-linux/usr/lib/arm-webos-linux-gnueabi/gcc/arm-webos-linux-gnueabi/6.4.0/:/home/jhryu/webos/build-webos/BUILD/sysroots/x86_64-linux/usr/lib/arm-webos-linux-gnueabi/gcc/arm-webos-linux-gnueabi/]
  ignore line: [LIBRARY_PATH=/home/jhryu/webos/build-webos/BUILD/sysroots/x86_64-linux/usr/lib/arm-webos-linux-gnueabi/gcc/arm-webos-linux-gnueabi/6.4.0/:/home/jhryu/webos/build-webos/BUILD/sysroots/raspberrypi3/lib/:/home/jhryu/webos/build-webos/BUILD/sysroots/raspberrypi3/usr/lib/arm-webos-linux-gnueabi/6.4.0/:/home/jhryu/webos/build-webos/BUILD/sysroots/raspberrypi3/usr/lib/]
  ignore line: [COLLECT_GCC_OPTIONS='--sysroot=/home/jhryu/webos/build-webos/BUILD/sysroots/raspberrypi3' '-march=armv7ve' '-mthumb' '-mfpu=neon-vfpv4' '-mfloat-abi=hard' '-mcpu=cortex-a7' '-O2' '-pipe' '-g' '-fdebug-prefix-map=/home/jhryu/webos/build-webos/BUILD/work/raspberrypi3-webos-linux-gnueabi/com.webos.service.rpi.gpio/0.0.1-r0.local0=/usr/src/debug/com.webos.service.rpi.gpio/0.0.1-r0.local0' '-fdebug-prefix-map=/home/jhryu/webos/build-webos/BUILD/sysroots/x86_64-linux=' '-fdebug-prefix-map=/home/jhryu/webos/build-webos/BUILD/sysroots/raspberrypi3=' '-march=armv7ve' '-mthumb' '-mfpu=neon-vfpv4' '-mfloat-abi=hard' '-mcpu=cortex-a7' '-march=armv7ve' '-mthumb' '-mfpu=neon-vfpv4' '-mfloat-abi=hard' '-mcpu=cortex-a7' '-O2' '-pipe' '-g' '-feliminate-unused-debug-types' '-fdebug-prefix-map=/home/jhryu/webos/build-webos/BUILD/work/raspberrypi3-webos-linux-gnueabi/com.webos.service.rpi.gpio/0.0.1-r0.local0=/usr/src/debug/com.webos.service.rpi.gpio/0.0.1-r0.local0' '-fdebug-prefix-map=/home/jhryu/webos/build-webos/BUILD/sysroots/x86_64-linux=' '-fdebug-prefix-map=/home/jhryu/webos/build-webos/BUILD/sysroots/raspberrypi3=' '-fvisibility-inlines-hidden' '-march=armv7ve' '-mthumb' '-mfpu=neon-vfpv4' '-mfloat-abi=hard' '-mcpu=cortex-a7' '-v' '-o' 'cmTC_1486f' '-rdynamic' '-shared-libgcc' '-mtls-dialect=gnu']
  link line: [ /home/jhryu/webos/build-webos/BUILD/sysroots/x86_64-linux/usr/libexec/arm-webos-linux-gnueabi/gcc/arm-webos-linux-gnueabi/6.4.0/collect2 -plugin /home/jhryu/webos/build-webos/BUILD/sysroots/x86_64-linux/usr/libexec/arm-webos-linux-gnueabi/gcc/arm-webos-linux-gnueabi/6.4.0/liblto_plugin.so -plugin-opt=/home/jhryu/webos/build-webos/BUILD/sysroots/x86_64-linux/usr/libexec/arm-webos-linux-gnueabi/gcc/arm-webos-linux-gnueabi/6.4.0/lto-wrapper -plugin-opt=-fresolution=/tmp/ccbuxtL6.res -plugin-opt=-pass-through=-lgcc_s -plugin-opt=-pass-through=-lgcc -plugin-opt=-pass-through=-lc -plugin-opt=-pass-through=-lgcc_s -plugin-opt=-pass-through=-lgcc --sysroot=/home/jhryu/webos/build-webos/BUILD/sysroots/raspberrypi3 --build-id --eh-frame-hdr --hash-style=sysv -export-dynamic -dynamic-linker /lib/ld-linux-armhf.so.3 -X -m armelf_linux_eabi -o cmTC_1486f /home/jhryu/webos/build-webos/BUILD/sysroots/raspberrypi3/usr/lib/crt1.o /home/jhryu/webos/build-webos/BUILD/sysroots/raspberrypi3/usr/lib/crti.o /home/jhryu/webos/build-webos/BUILD/sysroots/raspberrypi3/usr/lib/arm-webos-linux-gnueabi/6.4.0/crtbegin.o -L/home/jhryu/webos/build-webos/BUILD/sysroots/x86_64-linux/usr/lib/arm-webos-linux-gnueabi/gcc/arm-webos-linux-gnueabi/6.4.0 -L/home/jhryu/webos/build-webos/BUILD/sysroots/raspberrypi3/lib -L/home/jhryu/webos/build-webos/BUILD/sysroots/raspberrypi3/usr/lib/arm-webos-linux-gnueabi/6.4.0 -L/home/jhryu/webos/build-webos/BUILD/sysroots/raspberrypi3/usr/lib -O1 --hash-style=gnu --as-needed -O1 --hash-style=gnu --as-needed CMakeFiles/cmTC_1486f.dir/CMakeCXXCompilerABI.cpp.o -lstdc++ -lm -lgcc_s -lgcc -lc -lgcc_s -lgcc /home/jhryu/webos/build-webos/BUILD/sysroots/raspberrypi3/usr/lib/arm-webos-linux-gnueabi/6.4.0/crtend.o /home/jhryu/webos/build-webos/BUILD/sysroots/raspberrypi3/usr/lib/crtn.o]
    arg [/home/jhryu/webos/build-webos/BUILD/sysroots/x86_64-linux/usr/libexec/arm-webos-linux-gnueabi/gcc/arm-webos-linux-gnueabi/6.4.0/collect2] ==> ignore
    arg [-plugin] ==> ignore
    arg [/home/jhryu/webos/build-webos/BUILD/sysroots/x86_64-linux/usr/libexec/arm-webos-linux-gnueabi/gcc/arm-webos-linux-gnueabi/6.4.0/liblto_plugin.so] ==> ignore
    arg [-plugin-opt=/home/jhryu/webos/build-webos/BUILD/sysroots/x86_64-linux/usr/libexec/arm-webos-linux-gnueabi/gcc/arm-webos-linux-gnueabi/6.4.0/lto-wrapper] ==> ignore
    arg [-plugin-opt=-fresolution=/tmp/ccbuxtL6.res] ==> ignore
    arg [-plugin-opt=-pass-through=-lgcc_s] ==> ignore
    arg [-plugin-opt=-pass-through=-lgcc] ==> ignore
    arg [-plugin-opt=-pass-through=-lc] ==> ignore
    arg [-plugin-opt=-pass-through=-lgcc_s] ==> ignore
    arg [-plugin-opt=-pass-through=-lgcc] ==> ignore
    arg [--sysroot=/home/jhryu/webos/build-webos/BUILD/sysroots/raspberrypi3] ==> ignore
    arg [--build-id] ==> ignore
    arg [--eh-frame-hdr] ==> ignore
    arg [--hash-style=sysv] ==> ignore
    arg [-export-dynamic] ==> ignore
    arg [-dynamic-linker] ==> ignore
    arg [/lib/ld-linux-armhf.so.3] ==> ignore
    arg [-X] ==> ignore
    arg [-m] ==> ignore
    arg [armelf_linux_eabi] ==> ignore
    arg [-o] ==> ignore
    arg [cmTC_1486f] ==> ignore
    arg [/home/jhryu/webos/build-webos/BUILD/sysroots/raspberrypi3/usr/lib/crt1.o] ==> ignore
    arg [/home/jhryu/webos/build-webos/BUILD/sysroots/raspberrypi3/usr/lib/crti.o] ==> ignore
    arg [/home/jhryu/webos/build-webos/BUILD/sysroots/raspberrypi3/usr/lib/arm-webos-linux-gnueabi/6.4.0/crtbegin.o] ==> ignore
    arg [-L/home/jhryu/webos/build-webos/BUILD/sysroots/x86_64-linux/usr/lib/arm-webos-linux-gnueabi/gcc/arm-webos-linux-gnueabi/6.4.0] ==> dir [/home/jhryu/webos/build-webos/BUILD/sysroots/x86_64-linux/usr/lib/arm-webos-linux-gnueabi/gcc/arm-webos-linux-gnueabi/6.4.0]
    arg [-L/home/jhryu/webos/build-webos/BUILD/sysroots/raspberrypi3/lib] ==> dir [/home/jhryu/webos/build-webos/BUILD/sysroots/raspberrypi3/lib]
    arg [-L/home/jhryu/webos/build-webos/BUILD/sysroots/raspberrypi3/usr/lib/arm-webos-linux-gnueabi/6.4.0] ==> dir [/home/jhryu/webos/build-webos/BUILD/sysroots/raspberrypi3/usr/lib/arm-webos-linux-gnueabi/6.4.0]
    arg [-L/home/jhryu/webos/build-webos/BUILD/sysroots/raspberrypi3/usr/lib] ==> dir [/home/jhryu/webos/build-webos/BUILD/sysroots/raspberrypi3/usr/lib]
    arg [-O1] ==> ignore
    arg [--hash-style=gnu] ==> ignore
    arg [--as-needed] ==> ignore
    arg [-O1] ==> ignore
    arg [--hash-style=gnu] ==> ignore
    arg [--as-needed] ==> ignore
    arg [CMakeFiles/cmTC_1486f.dir/CMakeCXXCompilerABI.cpp.o] ==> ignore
    arg [-lstdc++] ==> lib [stdc++]
    arg [-lm] ==> lib [m]
    arg [-lgcc_s] ==> lib [gcc_s]
    arg [-lgcc] ==> lib [gcc]
    arg [-lc] ==> lib [c]
    arg [-lgcc_s] ==> lib [gcc_s]
    arg [-lgcc] ==> lib [gcc]
    arg [/home/jhryu/webos/build-webos/BUILD/sysroots/raspberrypi3/usr/lib/arm-webos-linux-gnueabi/6.4.0/crtend.o] ==> ignore
    arg [/home/jhryu/webos/build-webos/BUILD/sysroots/raspberrypi3/usr/lib/crtn.o] ==> ignore
  remove lib [gcc_s]
  remove lib [gcc]
  remove lib [gcc_s]
  remove lib [gcc]
  collapse library dir [/home/jhryu/webos/build-webos/BUILD/sysroots/x86_64-linux/usr/lib/arm-webos-linux-gnueabi/gcc/arm-webos-linux-gnueabi/6.4.0] ==> [/home/jhryu/webos/build-webos/BUILD/sysroots/x86_64-linux/usr/lib/arm-webos-linux-gnueabi/gcc/arm-webos-linux-gnueabi/6.4.0]
  collapse library dir [/home/jhryu/webos/build-webos/BUILD/sysroots/raspberrypi3/lib] ==> [/home/jhryu/webos/build-webos/BUILD/sysroots/raspberrypi3/lib]
  collapse library dir [/home/jhryu/webos/build-webos/BUILD/sysroots/raspberrypi3/usr/lib/arm-webos-linux-gnueabi/6.4.0] ==> [/home/jhryu/webos/build-webos/BUILD/sysroots/raspberrypi3/usr/lib/arm-webos-linux-gnueabi/6.4.0]
  collapse library dir [/home/jhryu/webos/build-webos/BUILD/sysroots/raspberrypi3/usr/lib] ==> [/home/jhryu/webos/build-webos/BUILD/sysroots/raspberrypi3/usr/lib]
  implicit libs: [stdc++;m;c]
  implicit dirs: [/home/jhryu/webos/build-webos/BUILD/sysroots/x86_64-linux/usr/lib/arm-webos-linux-gnueabi/gcc/arm-webos-linux-gnueabi/6.4.0;/home/jhryu/webos/build-webos/BUILD/sysroots/raspberrypi3/lib;/home/jhryu/webos/build-webos/BUILD/sysroots/raspberrypi3/usr/lib/arm-webos-linux-gnueabi/6.4.0;/home/jhryu/webos/build-webos/BUILD/sysroots/raspberrypi3/usr/lib]
  implicit fwks: []




Detecting CXX [-std=c++14] compiler features compiled with the following output:
Change Dir: /home/jhryu/project/com.webos.service.rpi.gpio/build/CMakeFiles/CMakeTmp

Run Build Command:"/usr/bin/make" "cmTC_b0685/fast"
make -f CMakeFiles/cmTC_b0685.dir/build.make CMakeFiles/cmTC_b0685.dir/build
make[1]: Entering directory '/home/jhryu/project/com.webos.service.rpi.gpio/build/CMakeFiles/CMakeTmp'
Building CXX object CMakeFiles/cmTC_b0685.dir/feature_tests.cxx.o
/home/jhryu/webos/build-webos/BUILD/sysroots/x86_64-linux/usr/bin/arm-webos-linux-gnueabi/arm-webos-linux-gnueabi-g++     -march=armv7ve -mthumb -mfpu=neon-vfpv4  -mfloat-abi=hard -mcpu=cortex-a7  --sysroot=/home/jhryu/webos/build-webos/BUILD/sysroots/raspberrypi3  -O2 -pipe -g -feliminate-unused-debug-types -fdebug-prefix-map=/home/jhryu/webos/build-webos/BUILD/work/raspberrypi3-webos-linux-gnueabi/com.webos.service.rpi.gpio/0.0.1-r0.local0=/usr/src/debug/com.webos.service.rpi.gpio/0.0.1-r0.local0 -fdebug-prefix-map=/home/jhryu/webos/build-webos/BUILD/sysroots/x86_64-linux= -fdebug-prefix-map=/home/jhryu/webos/build-webos/BUILD/sysroots/raspberrypi3=  -fvisibility-inlines-hidden  -march=armv7ve -mthumb -mfpu=neon-vfpv4  -mfloat-abi=hard -mcpu=cortex-a7  --sysroot=/home/jhryu/webos/build-webos/BUILD/sysroots/raspberrypi3    -std=c++14 -o CMakeFiles/cmTC_b0685.dir/feature_tests.cxx.o -c /home/jhryu/project/com.webos.service.rpi.gpio/build/CMakeFiles/feature_tests.cxx
Linking CXX executable cmTC_b0685
/home/jhryu/webos/build-webos/BUILD/sysroots/x86_64-linux/usr/bin/cmake -E cmake_link_script CMakeFiles/cmTC_b0685.dir/link.txt --verbose=1
/home/jhryu/webos/build-webos/BUILD/sysroots/x86_64-linux/usr/bin/arm-webos-linux-gnueabi/arm-webos-linux-gnueabi-g++    -march=armv7ve -mthumb -mfpu=neon-vfpv4  -mfloat-abi=hard -mcpu=cortex-a7  --sysroot=/home/jhryu/webos/build-webos/BUILD/sysroots/raspberrypi3  -O2 -pipe -g -feliminate-unused-debug-types -fdebug-prefix-map=/home/jhryu/webos/build-webos/BUILD/work/raspberrypi3-webos-linux-gnueabi/com.webos.service.rpi.gpio/0.0.1-r0.local0=/usr/src/debug/com.webos.service.rpi.gpio/0.0.1-r0.local0 -fdebug-prefix-map=/home/jhryu/webos/build-webos/BUILD/sysroots/x86_64-linux= -fdebug-prefix-map=/home/jhryu/webos/build-webos/BUILD/sysroots/raspberrypi3=  -fvisibility-inlines-hidden  -march=armv7ve -mthumb -mfpu=neon-vfpv4  -mfloat-abi=hard -mcpu=cortex-a7  --sysroot=/home/jhryu/webos/build-webos/BUILD/sysroots/raspberrypi3   -march=armv7ve -mthumb -mfpu=neon-vfpv4  -mfloat-abi=hard -mcpu=cortex-a7  --sysroot=/home/jhryu/webos/build-webos/BUILD/sysroots/raspberrypi3  -O2 -pipe -g -feliminate-unused-debug-types -fdebug-prefix-map=/home/jhryu/webos/build-webos/BUILD/work/raspberrypi3-webos-linux-gnueabi/com.webos.service.rpi.gpio/0.0.1-r0.local0=/usr/src/debug/com.webos.service.rpi.gpio/0.0.1-r0.local0 -fdebug-prefix-map=/home/jhryu/webos/build-webos/BUILD/sysroots/x86_64-linux= -fdebug-prefix-map=/home/jhryu/webos/build-webos/BUILD/sysroots/raspberrypi3=  -fvisibility-inlines-hidden  -march=armv7ve -mthumb -mfpu=neon-vfpv4  -mfloat-abi=hard -mcpu=cortex-a7  --sysroot=/home/jhryu/webos/build-webos/BUILD/sysroots/raspberrypi3 -Wl,-O1 -Wl,--hash-style=gnu -Wl,--as-needed  -Wl,-O1 -Wl,--hash-style=gnu -Wl,--as-needed  CMakeFiles/cmTC_b0685.dir/feature_tests.cxx.o  -o cmTC_b0685 -rdynamic 
make[1]: Leaving directory '/home/jhryu/project/com.webos.service.rpi.gpio/build/CMakeFiles/CMakeTmp'


    Feature record: CXX_FEATURE:1cxx_aggregate_default_initializers
    Feature record: CXX_FEATURE:1cxx_alias_templates
    Feature record: CXX_FEATURE:1cxx_alignas
    Feature record: CXX_FEATURE:1cxx_alignof
    Feature record: CXX_FEATURE:1cxx_attributes
    Feature record: CXX_FEATURE:1cxx_attribute_deprecated
    Feature record: CXX_FEATURE:1cxx_auto_type
    Feature record: CXX_FEATURE:1cxx_binary_literals
    Feature record: CXX_FEATURE:1cxx_constexpr
    Feature record: CXX_FEATURE:1cxx_contextual_conversions
    Feature record: CXX_FEATURE:1cxx_decltype
    Feature record: CXX_FEATURE:1cxx_decltype_auto
    Feature record: CXX_FEATURE:1cxx_decltype_incomplete_return_types
    Feature record: CXX_FEATURE:1cxx_default_function_template_args
    Feature record: CXX_FEATURE:1cxx_defaulted_functions
    Feature record: CXX_FEATURE:1cxx_defaulted_move_initializers
    Feature record: CXX_FEATURE:1cxx_delegating_constructors
    Feature record: CXX_FEATURE:1cxx_deleted_functions
    Feature record: CXX_FEATURE:1cxx_digit_separators
    Feature record: CXX_FEATURE:1cxx_enum_forward_declarations
    Feature record: CXX_FEATURE:1cxx_explicit_conversions
    Feature record: CXX_FEATURE:1cxx_extended_friend_declarations
    Feature record: CXX_FEATURE:1cxx_extern_templates
    Feature record: CXX_FEATURE:1cxx_final
    Feature record: CXX_FEATURE:1cxx_func_identifier
    Feature record: CXX_FEATURE:1cxx_generalized_initializers
    Feature record: CXX_FEATURE:1cxx_generic_lambdas
    Feature record: CXX_FEATURE:1cxx_inheriting_constructors
    Feature record: CXX_FEATURE:1cxx_inline_namespaces
    Feature record: CXX_FEATURE:1cxx_lambdas
    Feature record: CXX_FEATURE:1cxx_lambda_init_captures
    Feature record: CXX_FEATURE:1cxx_local_type_template_args
    Feature record: CXX_FEATURE:1cxx_long_long_type
    Feature record: CXX_FEATURE:1cxx_noexcept
    Feature record: CXX_FEATURE:1cxx_nonstatic_member_init
    Feature record: CXX_FEATURE:1cxx_nullptr
    Feature record: CXX_FEATURE:1cxx_override
    Feature record: CXX_FEATURE:1cxx_range_for
    Feature record: CXX_FEATURE:1cxx_raw_string_literals
    Feature record: CXX_FEATURE:1cxx_reference_qualified_functions
    Feature record: CXX_FEATURE:1cxx_relaxed_constexpr
    Feature record: CXX_FEATURE:1cxx_return_type_deduction
    Feature record: CXX_FEATURE:1cxx_right_angle_brackets
    Feature record: CXX_FEATURE:1cxx_rvalue_references
    Feature record: CXX_FEATURE:1cxx_sizeof_member
    Feature record: CXX_FEATURE:1cxx_static_assert
    Feature record: CXX_FEATURE:1cxx_strong_enums
    Feature record: CXX_FEATURE:1cxx_template_template_parameters
    Feature record: CXX_FEATURE:1cxx_thread_local
    Feature record: CXX_FEATURE:1cxx_trailing_return_types
    Feature record: CXX_FEATURE:1cxx_unicode_literals
    Feature record: CXX_FEATURE:1cxx_uniform_initialization
    Feature record: CXX_FEATURE:1cxx_unrestricted_unions
    Feature record: CXX_FEATURE:1cxx_user_literals
    Feature record: CXX_FEATURE:1cxx_variable_templates
    Feature record: CXX_FEATURE:1cxx_variadic_macros
    Feature record: CXX_FEATURE:1cxx_variadic_templates


Detecting CXX [-std=c++11] compiler features compiled with the following output:
Change Dir: /home/jhryu/project/com.webos.service.rpi.gpio/build/CMakeFiles/CMakeTmp

Run Build Command:"/usr/bin/make" "cmTC_ab365/fast"
make -f CMakeFiles/cmTC_ab365.dir/build.make CMakeFiles/cmTC_ab365.dir/build
make[1]: Entering directory '/home/jhryu/project/com.webos.service.rpi.gpio/build/CMakeFiles/CMakeTmp'
Building CXX object CMakeFiles/cmTC_ab365.dir/feature_tests.cxx.o
/home/jhryu/webos/build-webos/BUILD/sysroots/x86_64-linux/usr/bin/arm-webos-linux-gnueabi/arm-webos-linux-gnueabi-g++     -march=armv7ve -mthumb -mfpu=neon-vfpv4  -mfloat-abi=hard -mcpu=cortex-a7  --sysroot=/home/jhryu/webos/build-webos/BUILD/sysroots/raspberrypi3  -O2 -pipe -g -feliminate-unused-debug-types -fdebug-prefix-map=/home/jhryu/webos/build-webos/BUILD/work/raspberrypi3-webos-linux-gnueabi/com.webos.service.rpi.gpio/0.0.1-r0.local0=/usr/src/debug/com.webos.service.rpi.gpio/0.0.1-r0.local0 -fdebug-prefix-map=/home/jhryu/webos/build-webos/BUILD/sysroots/x86_64-linux= -fdebug-prefix-map=/home/jhryu/webos/build-webos/BUILD/sysroots/raspberrypi3=  -fvisibility-inlines-hidden  -march=armv7ve -mthumb -mfpu=neon-vfpv4  -mfloat-abi=hard -mcpu=cortex-a7  --sysroot=/home/jhryu/webos/build-webos/BUILD/sysroots/raspberrypi3    -std=c++11 -o CMakeFiles/cmTC_ab365.dir/feature_tests.cxx.o -c /home/jhryu/project/com.webos.service.rpi.gpio/build/CMakeFiles/feature_tests.cxx
Linking CXX executable cmTC_ab365
/home/jhryu/webos/build-webos/BUILD/sysroots/x86_64-linux/usr/bin/cmake -E cmake_link_script CMakeFiles/cmTC_ab365.dir/link.txt --verbose=1
/home/jhryu/webos/build-webos/BUILD/sysroots/x86_64-linux/usr/bin/arm-webos-linux-gnueabi/arm-webos-linux-gnueabi-g++    -march=armv7ve -mthumb -mfpu=neon-vfpv4  -mfloat-abi=hard -mcpu=cortex-a7  --sysroot=/home/jhryu/webos/build-webos/BUILD/sysroots/raspberrypi3  -O2 -pipe -g -feliminate-unused-debug-types -fdebug-prefix-map=/home/jhryu/webos/build-webos/BUILD/work/raspberrypi3-webos-linux-gnueabi/com.webos.service.rpi.gpio/0.0.1-r0.local0=/usr/src/debug/com.webos.service.rpi.gpio/0.0.1-r0.local0 -fdebug-prefix-map=/home/jhryu/webos/build-webos/BUILD/sysroots/x86_64-linux= -fdebug-prefix-map=/home/jhryu/webos/build-webos/BUILD/sysroots/raspberrypi3=  -fvisibility-inlines-hidden  -march=armv7ve -mthumb -mfpu=neon-vfpv4  -mfloat-abi=hard -mcpu=cortex-a7  --sysroot=/home/jhryu/webos/build-webos/BUILD/sysroots/raspberrypi3   -march=armv7ve -mthumb -mfpu=neon-vfpv4  -mfloat-abi=hard -mcpu=cortex-a7  --sysroot=/home/jhryu/webos/build-webos/BUILD/sysroots/raspberrypi3  -O2 -pipe -g -feliminate-unused-debug-types -fdebug-prefix-map=/home/jhryu/webos/build-webos/BUILD/work/raspberrypi3-webos-linux-gnueabi/com.webos.service.rpi.gpio/0.0.1-r0.local0=/usr/src/debug/com.webos.service.rpi.gpio/0.0.1-r0.local0 -fdebug-prefix-map=/home/jhryu/webos/build-webos/BUILD/sysroots/x86_64-linux= -fdebug-prefix-map=/home/jhryu/webos/build-webos/BUILD/sysroots/raspberrypi3=  -fvisibility-inlines-hidden  -march=armv7ve -mthumb -mfpu=neon-vfpv4  -mfloat-abi=hard -mcpu=cortex-a7  --sysroot=/home/jhryu/webos/build-webos/BUILD/sysroots/raspberrypi3 -Wl,-O1 -Wl,--hash-style=gnu -Wl,--as-needed  -Wl,-O1 -Wl,--hash-style=gnu -Wl,--as-needed  CMakeFiles/cmTC_ab365.dir/feature_tests.cxx.o  -o cmTC_ab365 -rdynamic 
make[1]: Leaving directory '/home/jhryu/project/com.webos.service.rpi.gpio/build/CMakeFiles/CMakeTmp'


    Feature record: CXX_FEATURE:0cxx_aggregate_default_initializers
    Feature record: CXX_FEATURE:1cxx_alias_templates
    Feature record: CXX_FEATURE:1cxx_alignas
    Feature record: CXX_FEATURE:1cxx_alignof
    Feature record: CXX_FEATURE:1cxx_attributes
    Feature record: CXX_FEATURE:0cxx_attribute_deprecated
    Feature record: CXX_FEATURE:1cxx_auto_type
    Feature record: CXX_FEATURE:0cxx_binary_literals
    Feature record: CXX_FEATURE:1cxx_constexpr
    Feature record: CXX_FEATURE:0cxx_contextual_conversions
    Feature record: CXX_FEATURE:1cxx_decltype
    Feature record: CXX_FEATURE:0cxx_decltype_auto
    Feature record: CXX_FEATURE:1cxx_decltype_incomplete_return_types
    Feature record: CXX_FEATURE:1cxx_default_function_template_args
    Feature record: CXX_FEATURE:1cxx_defaulted_functions
    Feature record: CXX_FEATURE:1cxx_defaulted_move_initializers
    Feature record: CXX_FEATURE:1cxx_delegating_constructors
    Feature record: CXX_FEATURE:1cxx_deleted_functions
    Feature record: CXX_FEATURE:0cxx_digit_separators
    Feature record: CXX_FEATURE:1cxx_enum_forward_declarations
    Feature record: CXX_FEATURE:1cxx_explicit_conversions
    Feature record: CXX_FEATURE:1cxx_extended_friend_declarations
    Feature record: CXX_FEATURE:1cxx_extern_templates
    Feature record: CXX_FEATURE:1cxx_final
    Feature record: CXX_FEATURE:1cxx_func_identifier
    Feature record: CXX_FEATURE:1cxx_generalized_initializers
    Feature record: CXX_FEATURE:0cxx_generic_lambdas
    Feature record: CXX_FEATURE:1cxx_inheriting_constructors
    Feature record: CXX_FEATURE:1cxx_inline_namespaces
    Feature record: CXX_FEATURE:1cxx_lambdas
    Feature record: CXX_FEATURE:0cxx_lambda_init_captures
    Feature record: CXX_FEATURE:1cxx_local_type_template_args
    Feature record: CXX_FEATURE:1cxx_long_long_type
    Feature record: CXX_FEATURE:1cxx_noexcept
    Feature record: CXX_FEATURE:1cxx_nonstatic_member_init
    Feature record: CXX_FEATURE:1cxx_nullptr
    Feature record: CXX_FEATURE:1cxx_override
    Feature record: CXX_FEATURE:1cxx_range_for
    Feature record: CXX_FEATURE:1cxx_raw_string_literals
    Feature record: CXX_FEATURE:1cxx_reference_qualified_functions
    Feature record: CXX_FEATURE:0cxx_relaxed_constexpr
    Feature record: CXX_FEATURE:0cxx_return_type_deduction
    Feature record: CXX_FEATURE:1cxx_right_angle_brackets
    Feature record: CXX_FEATURE:1cxx_rvalue_references
    Feature record: CXX_FEATURE:1cxx_sizeof_member
    Feature record: CXX_FEATURE:1cxx_static_assert
    Feature record: CXX_FEATURE:1cxx_strong_enums
    Feature record: CXX_FEATURE:1cxx_template_template_parameters
    Feature record: CXX_FEATURE:1cxx_thread_local
    Feature record: CXX_FEATURE:1cxx_trailing_return_types
    Feature record: CXX_FEATURE:1cxx_unicode_literals
    Feature record: CXX_FEATURE:1cxx_uniform_initialization
    Feature record: CXX_FEATURE:1cxx_unrestricted_unions
    Feature record: CXX_FEATURE:1cxx_user_literals
    Feature record: CXX_FEATURE:0cxx_variable_templates
    Feature record: CXX_FEATURE:1cxx_variadic_macros
    Feature record: CXX_FEATURE:1cxx_variadic_templates


Detecting CXX [-std=c++98] compiler features compiled with the following output:
Change Dir: /home/jhryu/project/com.webos.service.rpi.gpio/build/CMakeFiles/CMakeTmp

Run Build Command:"/usr/bin/make" "cmTC_48bda/fast"
make -f CMakeFiles/cmTC_48bda.dir/build.make CMakeFiles/cmTC_48bda.dir/build
make[1]: Entering directory '/home/jhryu/project/com.webos.service.rpi.gpio/build/CMakeFiles/CMakeTmp'
Building CXX object CMakeFiles/cmTC_48bda.dir/feature_tests.cxx.o
/home/jhryu/webos/build-webos/BUILD/sysroots/x86_64-linux/usr/bin/arm-webos-linux-gnueabi/arm-webos-linux-gnueabi-g++     -march=armv7ve -mthumb -mfpu=neon-vfpv4  -mfloat-abi=hard -mcpu=cortex-a7  --sysroot=/home/jhryu/webos/build-webos/BUILD/sysroots/raspberrypi3  -O2 -pipe -g -feliminate-unused-debug-types -fdebug-prefix-map=/home/jhryu/webos/build-webos/BUILD/work/raspberrypi3-webos-linux-gnueabi/com.webos.service.rpi.gpio/0.0.1-r0.local0=/usr/src/debug/com.webos.service.rpi.gpio/0.0.1-r0.local0 -fdebug-prefix-map=/home/jhryu/webos/build-webos/BUILD/sysroots/x86_64-linux= -fdebug-prefix-map=/home/jhryu/webos/build-webos/BUILD/sysroots/raspberrypi3=  -fvisibility-inlines-hidden  -march=armv7ve -mthumb -mfpu=neon-vfpv4  -mfloat-abi=hard -mcpu=cortex-a7  --sysroot=/home/jhryu/webos/build-webos/BUILD/sysroots/raspberrypi3    -std=c++98 -o CMakeFiles/cmTC_48bda.dir/feature_tests.cxx.o -c /home/jhryu/project/com.webos.service.rpi.gpio/build/CMakeFiles/feature_tests.cxx
Linking CXX executable cmTC_48bda
/home/jhryu/webos/build-webos/BUILD/sysroots/x86_64-linux/usr/bin/cmake -E cmake_link_script CMakeFiles/cmTC_48bda.dir/link.txt --verbose=1
/home/jhryu/webos/build-webos/BUILD/sysroots/x86_64-linux/usr/bin/arm-webos-linux-gnueabi/arm-webos-linux-gnueabi-g++    -march=armv7ve -mthumb -mfpu=neon-vfpv4  -mfloat-abi=hard -mcpu=cortex-a7  --sysroot=/home/jhryu/webos/build-webos/BUILD/sysroots/raspberrypi3  -O2 -pipe -g -feliminate-unused-debug-types -fdebug-prefix-map=/home/jhryu/webos/build-webos/BUILD/work/raspberrypi3-webos-linux-gnueabi/com.webos.service.rpi.gpio/0.0.1-r0.local0=/usr/src/debug/com.webos.service.rpi.gpio/0.0.1-r0.local0 -fdebug-prefix-map=/home/jhryu/webos/build-webos/BUILD/sysroots/x86_64-linux= -fdebug-prefix-map=/home/jhryu/webos/build-webos/BUILD/sysroots/raspberrypi3=  -fvisibility-inlines-hidden  -march=armv7ve -mthumb -mfpu=neon-vfpv4  -mfloat-abi=hard -mcpu=cortex-a7  --sysroot=/home/jhryu/webos/build-webos/BUILD/sysroots/raspberrypi3   -march=armv7ve -mthumb -mfpu=neon-vfpv4  -mfloat-abi=hard -mcpu=cortex-a7  --sysroot=/home/jhryu/webos/build-webos/BUILD/sysroots/raspberrypi3  -O2 -pipe -g -feliminate-unused-debug-types -fdebug-prefix-map=/home/jhryu/webos/build-webos/BUILD/work/raspberrypi3-webos-linux-gnueabi/com.webos.service.rpi.gpio/0.0.1-r0.local0=/usr/src/debug/com.webos.service.rpi.gpio/0.0.1-r0.local0 -fdebug-prefix-map=/home/jhryu/webos/build-webos/BUILD/sysroots/x86_64-linux= -fdebug-prefix-map=/home/jhryu/webos/build-webos/BUILD/sysroots/raspberrypi3=  -fvisibility-inlines-hidden  -march=armv7ve -mthumb -mfpu=neon-vfpv4  -mfloat-abi=hard -mcpu=cortex-a7  --sysroot=/home/jhryu/webos/build-webos/BUILD/sysroots/raspberrypi3 -Wl,-O1 -Wl,--hash-style=gnu -Wl,--as-needed  -Wl,-O1 -Wl,--hash-style=gnu -Wl,--as-needed  CMakeFiles/cmTC_48bda.dir/feature_tests.cxx.o  -o cmTC_48bda -rdynamic 
make[1]: Leaving directory '/home/jhryu/project/com.webos.service.rpi.gpio/build/CMakeFiles/CMakeTmp'


    Feature record: CXX_FEATURE:0cxx_aggregate_default_initializers
    Feature record: CXX_FEATURE:0cxx_alias_templates
    Feature record: CXX_FEATURE:0cxx_alignas
    Feature record: CXX_FEATURE:0cxx_alignof
    Feature record: CXX_FEATURE:0cxx_attributes
    Feature record: CXX_FEATURE:0cxx_attribute_deprecated
    Feature record: CXX_FEATURE:0cxx_auto_type
    Feature record: CXX_FEATURE:0cxx_binary_literals
    Feature record: CXX_FEATURE:0cxx_constexpr
    Feature record: CXX_FEATURE:0cxx_contextual_conversions
    Feature record: CXX_FEATURE:0cxx_decltype
    Feature record: CXX_FEATURE:0cxx_decltype_auto
    Feature record: CXX_FEATURE:0cxx_decltype_incomplete_return_types
    Feature record: CXX_FEATURE:0cxx_default_function_template_args
    Feature record: CXX_FEATURE:0cxx_defaulted_functions
    Feature record: CXX_FEATURE:0cxx_defaulted_move_initializers
    Feature record: CXX_FEATURE:0cxx_delegating_constructors
    Feature record: CXX_FEATURE:0cxx_deleted_functions
    Feature record: CXX_FEATURE:0cxx_digit_separators
    Feature record: CXX_FEATURE:0cxx_enum_forward_declarations
    Feature record: CXX_FEATURE:0cxx_explicit_conversions
    Feature record: CXX_FEATURE:0cxx_extended_friend_declarations
    Feature record: CXX_FEATURE:0cxx_extern_templates
    Feature record: CXX_FEATURE:0cxx_final
    Feature record: CXX_FEATURE:0cxx_func_identifier
    Feature record: CXX_FEATURE:0cxx_generalized_initializers
    Feature record: CXX_FEATURE:0cxx_generic_lambdas
    Feature record: CXX_FEATURE:0cxx_inheriting_constructors
    Feature record: CXX_FEATURE:0cxx_inline_namespaces
    Feature record: CXX_FEATURE:0cxx_lambdas
    Feature record: CXX_FEATURE:0cxx_lambda_init_captures
    Feature record: CXX_FEATURE:0cxx_local_type_template_args
    Feature record: CXX_FEATURE:0cxx_long_long_type
    Feature record: CXX_FEATURE:0cxx_noexcept
    Feature record: CXX_FEATURE:0cxx_nonstatic_member_init
    Feature record: CXX_FEATURE:0cxx_nullptr
    Feature record: CXX_FEATURE:0cxx_override
    Feature record: CXX_FEATURE:0cxx_range_for
    Feature record: CXX_FEATURE:0cxx_raw_string_literals
    Feature record: CXX_FEATURE:0cxx_reference_qualified_functions
    Feature record: CXX_FEATURE:0cxx_relaxed_constexpr
    Feature record: CXX_FEATURE:0cxx_return_type_deduction
    Feature record: CXX_FEATURE:0cxx_right_angle_brackets
    Feature record: CXX_FEATURE:0cxx_rvalue_references
    Feature record: CXX_FEATURE:0cxx_sizeof_member
    Feature record: CXX_FEATURE:0cxx_static_assert
    Feature record: CXX_FEATURE:0cxx_strong_enums
    Feature record: CXX_FEATURE:1cxx_template_template_parameters
    Feature record: CXX_FEATURE:0cxx_thread_local
    Feature record: CXX_FEATURE:0cxx_trailing_return_types
    Feature record: CXX_FEATURE:0cxx_unicode_literals
    Feature record: CXX_FEATURE:0cxx_uniform_initialization
    Feature record: CXX_FEATURE:0cxx_unrestricted_unions
    Feature record: CXX_FEATURE:0cxx_user_literals
    Feature record: CXX_FEATURE:0cxx_variable_templates
    Feature record: CXX_FEATURE:0cxx_variadic_macros
    Feature record: CXX_FEATURE:0cxx_variadic_templates
